d:\data2\battle-simulation-2\consoleapplication1\x64\debug\vc143.pdb
d:\data2\battle-simulation-2\consoleapplication1\x64\debug\vc143.idb
d:\data2\battle-simulation-2\consoleapplication1\x64\debug\randgen.obj
d:\data2\battle-simulation-2\consoleapplication1\x64\debug\unit.obj
d:\data2\battle-simulation-2\consoleapplication1\x64\debug\gunnery.obj
d:\data2\battle-simulation-2\consoleapplication1\x64\debug\game.obj
d:\data2\battle-simulation-2\consoleapplication1\x64\debug\earthtank.obj
d:\data2\battle-simulation-2\consoleapplication1\x64\debug\earthsoldier.obj
d:\data2\battle-simulation-2\consoleapplication1\x64\debug\eartharmy.obj
d:\data2\battle-simulation-2\consoleapplication1\x64\debug\consoleapplication1.obj
d:\data2\battle-simulation-2\consoleapplication1\x64\debug\aliensoldier.obj
d:\data2\battle-simulation-2\consoleapplication1\x64\debug\alienmonster.obj
d:\data2\battle-simulation-2\consoleapplication1\x64\debug\aliendrone.obj
d:\data2\battle-simulation-2\consoleapplication1\x64\debug\alienarmy.obj
d:\data2\battle-simulation-2\x64\debug\consoleapplication1.exe
d:\data2\battle-simulation-2\consoleapplication1\x64\debug\consoleapplication1.ilk
d:\data2\battle-simulation-2\x64\debug\consoleapplication1.pdb
d:\data2\battle-simulation-2\consoleapplication1\x64\debug\consolea.e7bbce34.tlog\cl.command.1.tlog
d:\data2\battle-simulation-2\consoleapplication1\x64\debug\consolea.e7bbce34.tlog\cl.items.tlog
d:\data2\battle-simulation-2\consoleapplication1\x64\debug\consolea.e7bbce34.tlog\cl.read.1.tlog
d:\data2\battle-simulation-2\consoleapplication1\x64\debug\consolea.e7bbce34.tlog\cl.write.1.tlog
d:\data2\battle-simulation-2\consoleapplication1\x64\debug\consolea.e7bbce34.tlog\link.command.1.tlog
d:\data2\battle-simulation-2\consoleapplication1\x64\debug\consolea.e7bbce34.tlog\link.read.1.tlog
d:\data2\battle-simulation-2\consoleapplication1\x64\debug\consolea.e7bbce34.tlog\link.write.1.tlog
